
2025-05-30 12:43:42,181 - ERROR - Email, APP_PASSWORD, or USER_ID not found in environment variables
2025-05-30 12:43:47,590 - ERROR - Email, APP_PASSWORD, or USER_ID not found in environment variables
2025-05-30 12:43:54,021 - ERROR - Email, APP_PASSWORD, or USER_ID not found in environment variables
2025-05-30 12:47:42,758 - INFO - Email sent to sujal020404@gmail.com
2025-05-30 12:47:45,461 - INFO - Updated application status for sujal020404@gmail.com by user user1
2025-05-30 12:48:02,380 - INFO - Email sent to sujal020404@gmail.com
2025-05-30 12:48:05,230 - INFO - Updated application status for sujal020404@gmail.com by user user2
2025-05-30 12:48:14,464 - INFO - Skipping CSS: Already applied by user2
2025-05-30 12:50:39,021 - INFO - Email sent to sujal020404@gmail.com
2025-05-30 12:50:41,663 - INFO - Updated application status for sujal020404@gmail.com by user user2
2025-05-30 12:50:57,183 - INFO - Email sent to sujal020404@gmail.com
2025-05-30 12:50:59,869 - INFO - Updated application status for sujal020404@gmail.com by user user2
2025-05-30 12:54:50,010 - INFO - User selected role: vapt
2025-05-30 12:54:55,240 - INFO - Email sent to sujal020404@gmail.com
2025-05-30 12:54:58,349 - INFO - Updated application status for sujal020404@gmail.com by user user2
2025-05-30 12:55:38,730 - INFO - User selected role: devops
2025-05-30 12:55:41,128 - INFO - Skipping CSS: Already applied by user2
2025-05-30 12:55:43,909 - INFO - Email sent to sujal020404@gmail.com
2025-05-30 12:55:47,087 - INFO - Updated application status for sujal020404@gmail.com by user user2
2025-05-30 12:57:43,724 - INFO - User selected role: devops
2025-05-30 12:57:46,046 - INFO - Skipping CSS: Already applied by user2
2025-05-30 12:57:48,718 - INFO - Email sent to sujal020404@gmail.com
2025-05-30 12:57:48,718 - INFO - Attempting to update sheet for email: sujal020404@gmail.com with USER_ID: user2
2025-05-30 12:57:52,388 - INFO - Update response status: 200
2025-05-30 12:57:52,388 - INFO - Update response content: {"status":"success","message":"Updated successfully"}
2025-05-30 12:57:52,388 - INFO - Updated application status for sujal020404@gmail.com by user user2
2025-05-30 12:58:29,588 - INFO - User selected role: devops
2025-05-30 12:58:32,233 - INFO - Skipping CSS: Already applied by user2
2025-05-30 12:58:35,333 - INFO - Email sent to sujal020404@gmail.com
2025-05-30 12:58:35,333 - INFO - Attempting to update sheet for email: sujal020404@gmail.com with USER_ID: user2
2025-05-30 12:58:37,857 - INFO - Update response status: 200
2025-05-30 12:58:37,857 - INFO - Update response content: {"status":"success","message":"Updated successfully"}
2025-05-30 12:58:37,857 - INFO - Updated application status for sujal020404@gmail.com by user user2
2025-05-30 13:08:15,283 - INFO - User selected role: vapt
2025-05-30 13:08:20,614 - INFO - Email sent to sujal020404@gmail.com
2025-05-30 13:08:20,615 - INFO - Attempting to update sheet for email: sujal020404@gmail.com with USER_ID: user2
2025-05-30 13:08:25,409 - INFO - Update response status: 200
2025-05-30 13:08:25,409 - INFO - Update response content: {"status":"success","message":"Updated successfully"}
2025-05-30 13:08:25,409 - INFO - Updated application status for sujal020404@gmail.com by user user2
